<?xml version="1.0" encoding="UTF-8"?>
<!-- Generated by org.testng.reporters.JUnitReportReporter -->
<testsuite skipped="0" hostname="MPINDO02PC653" name="one.Oneclass" tests="1" failures="0" timestamp="22 Jul 2019 12:35:35 GMT" time="0.012" errors="0">
  <testcase name="A" time="0.012" classname="one.Oneclass"/>
</testsuite> <!-- one.Oneclass -->
